[INFO ] 2024-08-05 18:36:38.635 [main] Version - HHH000412: Hibernate ORM core version 5.6.0.Final
[INFO ] 2024-08-05 18:36:40.376 [main] Version - HCANN000001: Hibernate Commons Annotations {5.1.2.Final}
[WARN ] 2024-08-05 18:36:40.814 [main] pooling - HHH10001002: Using Hibernate built-in connection pool (not for production use!)
[INFO ] 2024-08-05 18:36:40.829 [main] pooling - HHH10001005: using driver [org.postgresql.Driver] at URL [jdbc:postgresql://localhost:5432/EmployeeManagee]
[INFO ] 2024-08-05 18:36:40.829 [main] pooling - HHH10001001: Connection properties: {password=****, user=postgres}
[INFO ] 2024-08-05 18:36:40.829 [main] pooling - HHH10001003: Autocommit mode: false
[INFO ] 2024-08-05 18:36:40.847 [main] DriverManagerConnectionProviderImpl - HHH000115: Hibernate connection pool size: 1 (min=1)
[INFO ] 2024-08-05 18:36:41.489 [main] Dialect - HHH000400: Using dialect: org.hibernate.dialect.PostgreSQLDialect
[INFO ] 2024-08-05 18:36:43.153 [main] access - HHH10001501: Connection obtained from JdbcConnectionAccess [org.hibernate.engine.jdbc.env.internal.JdbcEnvironmentInitiator$ConnectionProviderJdbcConnectionAccess@6b1b19cf] for (non-JTA) DDL execution was not in auto-commit mode; the Connection 'local transaction' will be committed and the Connection will be set into auto-commit mode.
[INFO ] 2024-08-05 18:36:43.565 [main] EmployeeController - Employee added with name = sai
[INFO ] 2024-08-06 11:07:55.012 [main] Version - HHH000412: Hibernate ORM core version 5.6.0.Final
[INFO ] 2024-08-06 11:07:56.796 [main] Version - HCANN000001: Hibernate Commons Annotations {5.1.2.Final}
[WARN ] 2024-08-06 11:07:57.156 [main] pooling - HHH10001002: Using Hibernate built-in connection pool (not for production use!)
[INFO ] 2024-08-06 11:07:57.187 [main] pooling - HHH10001005: using driver [org.postgresql.Driver] at URL [jdbc:postgresql://localhost:5432/EmployeeManagee]
[INFO ] 2024-08-06 11:07:57.187 [main] pooling - HHH10001001: Connection properties: {password=****, user=postgres}
[INFO ] 2024-08-06 11:07:57.187 [main] pooling - HHH10001003: Autocommit mode: false
[INFO ] 2024-08-06 11:07:57.187 [main] DriverManagerConnectionProviderImpl - HHH000115: Hibernate connection pool size: 1 (min=1)
[INFO ] 2024-08-06 11:07:57.829 [main] Dialect - HHH000400: Using dialect: org.hibernate.dialect.PostgreSQLDialect
[INFO ] 2024-08-06 11:07:59.691 [main] access - HHH10001501: Connection obtained from JdbcConnectionAccess [org.hibernate.engine.jdbc.env.internal.JdbcEnvironmentInitiator$ConnectionProviderJdbcConnectionAccess@6b1b19cf] for (non-JTA) DDL execution was not in auto-commit mode; the Connection 'local transaction' will be committed and the Connection will be set into auto-commit mode.
[INFO ] 2024-08-06 11:08:00.145 [main] EmployeeController - Employee added with name = sri
